 ---=== Start Migration of project Ullinker_Overview ===---
 * Task [ChangeComponentSettingNameMigrationTask] : Applied successfully
 * Task [RemoveConfigMavenRepository] : Applied successfully
 * Task [Fix a problem of project resources linked to items] : Applied successfully
 * Task [ChangeLocalModeForSparkConfiguration] : Nothing to do
 * Task [ChangeOptionDefaultValueForFileArchive] : Applied successfully
 * Task [StripslachesOnQuotesForTCollectAndCheck] : Nothing to do
 * Task [UpdateKakfaInputConsumerTimeoutAndAutoOffsetTask] : Applied successfully
 * Task [ReviewPigLoadLayout] : Applied successfully
 * Task [RenameSparkVersions] : Nothing to do
 * Task [TickDieOnError4tFileUnarchive] : Applied successfully
 * Task [AutoUpdateRelationsMigrationTask] : Applied successfully
 ---=== End of migration ===---
 ---=== Start Migration of project ULLINKER_OVERVIEW ===---
 * Task [Update Operator MigrationTask] : Applied successfully
 * Task [ChangeMappingFileMigrationTask] : Applied successfully
 * Task [Fix a problem of project resources linked to items] : Applied successfully
 * Task [ChangeDBVersionValue4BonitaComponents] : Applied successfully
 * Task [ChangeLogLevel4tRedshiftInput] : Applied successfully
 * Task [AddContextCommentValueMigrationTask] : Nothing to do
 * Task [ChangeDefaultValueForCassandra3Version] : Applied successfully
 * Task [NewGenericWizardMigrationTask] : Applied successfully
 * Task [SetDefaultValueForNewerEmailFirstOfTDI35976] : Applied successfully
 * Task [ChangeDefaultValueForCassandraOutputBatch] : Applied successfully
 * Task [NewSalesforceMigrationTask] : Applied successfully
 * Task [Add XMI Id for context item] : Applied successfully
 * Task [UpdateUrlForRedShiftMigrationTask] : Nothing to do
 * Task [SubstituteRemovedMDMOperatorMigrationTask] : Applied successfully
 * Task [RenameDriverJarPathForDBConnectionMigrationTask] : Nothing to do
 * Task [RemoveDuplicatedContextGroupMigrationTask] : Nothing to do
 * Task [UpdateJobletContextInJobMigrationTask] : Nothing to do
 * Task [ReplaceVarcharArrayWithVarcharIssueTDI35719] : Applied successfully
 * Task [Salesforce620Migration] : Applied successfully
 * Task [Salesforce620WizardMigration] : Nothing to do
 * Task [ReviseInvalidContextNamesMigrationTask] : Nothing to do
 * Task [UpdateELTComponentMigrationTask] : Nothing to do
 * Task [AddDefaultVersionValueForElasticsearchLookupInput] : Applied successfully
 * Task [Change MSSQL DBVersion] : Nothing to do
 * Task [ChangeTypeMappingForRedshift] : Applied successfully
 * Task [AutoUpdateRelationsMigrationTask] : Applied successfully
 ---=== End of migration ===---
 ---=== Start Migration of project ULLINKER_OVERVIEW ===---
 * Task [AddJavaVersionMigrationTask] : Applied successfully
 * Task [Fix a problem of project resources linked to items] : Applied successfully
 * Task [FixUnevenItemContextParametersMigrationTask] : Nothing to do
 * Task [AddNewIgnoreNullSettingForTMicrosoftCrmOutputTask] : Applied successfully
 * Task [UncheckExceptionOnFileExistMigrationTask] : Applied successfully
 * Task [ResetVMArgumentMigrationTask] : Applied successfully
 * Task [NewAzureBlobMigrationTask] : Nothing to do
 * Task [NewMarketoMigrationTask] : Nothing to do
 * Task [NewNetsuiteMigrationTask] : Applied successfully
 * Task [ResetItemLabelMigrationTask] : Applied successfully
 * Task [AddApiModeToMarketoComponentsMigrationTask] : Applied successfully
 * Task [ChangeDBversionForSybaseIQMigrationTask] : Applied successfully
 * Task [Set FailOn property to true if copy directory else set to false] : Applied successfully
 * Task [Set the Spark Dataframe Alphabatical sort order in tHiveOutput and tFileOutputParquet] : Nothing to do
 * Task [AutoUpdateRelationsMigrationTask] : Applied successfully
 ---=== End of migration ===---
 ---=== Start Migration of project talend-mining-google-calendar ===---
 * Task [Add Product Values] : Nothing to do
 * Task [Fix a problem of project resources linked to items] : Applied successfully
 * Task [Set the 'skip tailing zeros for BigDecimal' setting to false if it was null] : Applied successfully
 * Task [reset the 'COLUMN_DELIMITER' parameter] : Applied successfully
 * Task [MigrationTaskFortOleDbCoseConnection] : Applied successfully
 * Task [Fill the default db version of mssql for Jobsetting] : Nothing to do
 * Task [ChangeTMatchGroupOutputConnectorTask] : Applied successfully
 * Task [AutoUpdateRelationsMigrationTask] : Applied successfully
 ---=== End of migration ===---
